{"type":"server-started","port":58819,"host":"127.0.0.1","url_host":"localhost","url":"http://localhost:58819","screen_dir":"/Users/edwardpham/Documents/Programming/Projects/ceres/.superpowers/brainstorm/41084-1775212714"}
{"type":"screen-added","file":"/Users/edwardpham/Documents/Programming/Projects/ceres/.superpowers/brainstorm/41084-1775212714/dashboard-philosophy.html"}
{"source":"user-event","type":"click","text":"B\n    \n      Product/Business — \"What rates are moving?\"\n      Rate trends, competitive intelligence, data quality scores. Analytical focus. Think: Bloomberg terminal lite.\n      \n        FocusRate trends over time (KPR, KPA, etc.)Bank-by-bank rate comparisonData completeness & confidenceNew programs discovered","choice":"b","id":null,"timestamp":1775212828097}
{"source":"user-event","type":"click","text":"B\n    \n      Product/Business — \"What rates are moving?\"\n      Rate trends, competitive intelligence, data quality scores. Analytical focus. Think: Bloomberg terminal lite.\n      \n        FocusRate trends over time (KPR, KPA, etc.)Bank-by-bank rate comparisonData completeness & confidenceNew programs discovered","choice":"b","id":null,"timestamp":1775212828812}
{"source":"user-event","type":"click","text":"B\n    \n      Product/Business — \"What rates are moving?\"\n      Rate trends, competitive intelligence, data quality scores. Analytical focus. Think: Bloomberg terminal lite.\n      \n        FocusRate trends over time (KPR, KPA, etc.)Bank-by-bank rate comparisonData completeness & confidenceNew programs discovered","choice":"b","id":null,"timestamp":1775212829995}
{"type":"screen-added","file":"/Users/edwardpham/Documents/Programming/Projects/ceres/.superpowers/brainstorm/41084-1775212714/pain-priorities.html"}
{"source":"user-event","type":"click","text":"1\n    \n      Rate Heatmap is empty — all dashes\n      The biggest table on the page shows zero useful data. Banks are listed but all rate columns show \"—\". This is the centerpiece and it's broken/useless.","choice":"empty-heatmap","id":null,"timestamp":1775212927680}
{"source":"user-event","type":"click","text":"2\n    \n      Live Activity is just noise\n      Dominated by \"system ping\" events. No filtering, no signal. Takes up ~25% of screen width for near-zero value.","choice":"noisy-feed","id":null,"timestamp":1775212929046}
{"source":"user-event","type":"click","text":"3\n    \n      KPI cards are flat numbers — no trend, no context\n      \"58 banks monitored\" — is that good? Going up? Down? The sparkline is tiny and only shows KPR. Success rate ring has no breakdown of WHY it's 64%.","choice":"flat-kpis","id":null,"timestamp":1775212930228}
{"source":"user-event","type":"click","text":"4\n    \n      No data quality visibility\n      The DB has completeness_score and data_confidence per loan program, but the dashboard never shows it. You can't tell which banks have good data vs garbage.","choice":"no-quality","id":null,"timestamp":1775212931129}
{"source":"user-event","type":"click","text":"5\n    \n      No error/failure details\n      Success rate is 64% but you can't see: which banks failed? Why? Anti-bot? Timeout? The errors are in the DB but invisible here.","choice":"no-errors","id":null,"timestamp":1775212931795}
{"source":"user-event","type":"click","text":"6\n    \n      Layout is cramped and cluttered\n      Too many sections fighting for space. The sidebar crawl progress + heatmap + live feed all compete. No clear visual hierarchy or breathing room.","choice":"layout-cramped","id":null,"timestamp":1775212932628}
{"type":"screen-added","file":"/Users/edwardpham/Documents/Programming/Projects/ceres/.superpowers/brainstorm/41084-1775212714/layout-approach.html"}
{"type":"screen-added","file":"/Users/edwardpham/Documents/Programming/Projects/ceres/.superpowers/brainstorm/41084-1775212714/waiting.html"}
{"type":"screen-added","file":"/Users/edwardpham/Documents/Programming/Projects/ceres/.superpowers/brainstorm/41084-1775212714/full-mockup.html"}
{"type":"screen-added","file":"/Users/edwardpham/Documents/Programming/Projects/ceres/.superpowers/brainstorm/41084-1775212714/actionable-alerts.html"}
{"type":"screen-added","file":"/Users/edwardpham/Documents/Programming/Projects/ceres/.superpowers/brainstorm/41084-1775212714/design-summary.html"}
{"type":"screen-added","file":"/Users/edwardpham/Documents/Programming/Projects/ceres/.superpowers/brainstorm/41084-1775212714/all-pages-audit.html"}
{"type":"screen-added","file":"/Users/edwardpham/Documents/Programming/Projects/ceres/.superpowers/brainstorm/41084-1775212714/waiting-2.html"}
{"type":"server-stopped","reason":"idle timeout"}
